2019-03-25 22:12:03,113  INFO [main] banking:15 - URL opened
 2019-03-25 22:12:09,183  INFO [main] banking:19 - Username entered
 2019-03-25 22:12:09,459  INFO [main] banking:21 - Password entered
 2019-03-25 22:12:18,781  INFO [main] banking:23 - Button clicked
 2019-03-25 22:12:18,834  INFO [main] banking:28 - Login successful
 2019-03-26 20:09:14,338  INFO [main] banking:15 - URL opened
 2019-03-26 20:09:18,781  INFO [main] banking:19 - Username entered
 2019-03-26 20:09:19,122  INFO [main] banking:21 - Password entered
 2019-03-26 20:09:20,341  INFO [main] banking:23 - Button clicked
 2019-03-26 20:11:17,184  INFO [main] banking:15 - URL opened
 2019-03-26 20:11:18,336  INFO [main] banking:19 - Username entered
 2019-03-26 20:11:18,599  INFO [main] banking:21 - Password entered
 2019-03-26 20:11:25,883  INFO [main] banking:23 - Button clicked
 2019-03-26 20:11:25,931  INFO [main] banking:28 - Login successful
 2019-03-26 22:29:43,850  INFO [main] banking:15 - URL opened
 2019-03-26 22:29:50,258  INFO [main] banking:19 - Username entered
 2019-03-26 22:29:50,658  INFO [main] banking:21 - Password entered
 2019-03-26 22:30:02,119  INFO [main] banking:23 - Button clicked
 2019-03-26 22:30:02,185  INFO [main] banking:28 - Login successful
 2019-03-26 22:39:07,024  INFO [main] banking:15 - URL opened
 2019-03-26 22:39:14,594  INFO [main] banking:19 - Username entered
 2019-03-26 22:39:14,864  INFO [main] banking:21 - Password entered
 2019-03-26 22:39:23,807  INFO [main] banking:23 - Button clicked
 2019-03-26 22:39:23,836  INFO [main] banking:28 - Login successful
 2019-03-26 23:04:40,164  INFO [main] banking:49 - URL opened
 2019-03-26 23:06:01,211  INFO [main] banking:49 - URL opened
 2019-03-26 23:06:02,274  INFO [main] banking:16 - Username entered
 2019-03-26 23:06:02,871  INFO [main] banking:18 - Password entered
 2019-03-26 23:06:06,209  INFO [main] banking:20 - Button clicked
 2019-03-26 23:06:06,288  INFO [main] banking:25 - Login successful
 2019-03-26 23:08:51,655  INFO [main] banking:49 - URL opened
 2019-03-26 23:08:58,594  INFO [main] banking:16 - Username entered
 2019-03-26 23:08:59,488  INFO [main] banking:18 - Password entered
 2019-03-26 23:09:11,711  INFO [main] banking:20 - Button clicked
 2019-03-26 23:09:11,796  INFO [main] banking:25 - Login successful
 2019-03-27 16:11:16,624  INFO [main] banking:49 - URL opened
 2019-03-27 16:11:20,533  INFO [main] banking:16 - Username entered
 2019-03-27 16:11:22,006  INFO [main] banking:18 - Password entered
 2019-03-27 16:11:26,358  INFO [main] banking:20 - Button clicked
 2019-03-27 16:11:26,387  INFO [main] banking:25 - Login successful
 2019-03-27 16:12:19,082  INFO [main] banking:49 - URL opened
 2019-03-27 16:12:25,428  INFO [main] banking:16 - Username entered
 2019-03-27 16:12:25,835  INFO [main] banking:18 - Password entered
 2019-03-27 16:12:34,177  INFO [main] banking:20 - Button clicked
 2019-03-27 16:12:34,199  INFO [main] banking:25 - Login successful
 2019-03-27 22:33:13,722  INFO [main] banking:53 - URL opened
 2019-03-27 22:33:15,712  INFO [main] banking:18 - Username entered
 2019-03-27 22:33:16,139  INFO [main] banking:20 - Password entered
 2019-03-27 22:33:22,187  INFO [main] banking:22 - Button clicked
 2019-03-27 22:34:09,022  INFO [main] banking:53 - URL opened
 2019-03-27 22:34:15,686  INFO [main] banking:18 - Username entered
 2019-03-27 22:34:16,172  INFO [main] banking:20 - Password entered
 2019-03-27 22:34:25,994  INFO [main] banking:22 - Button clicked
 2019-03-27 22:34:49,918  INFO [main] banking:53 - URL opened
 2019-03-27 22:34:53,674  INFO [main] banking:18 - Username entered
 2019-03-27 22:34:53,897  INFO [main] banking:20 - Password entered
 2019-03-27 22:35:01,268  INFO [main] banking:22 - Button clicked
 2019-03-28 13:19:09,946  INFO [main] banking:53 - URL opened
 2019-03-28 13:19:20,019  INFO [main] banking:18 - Username entered
 2019-03-28 13:19:20,294  INFO [main] banking:20 - Password entered
 2019-03-28 13:19:28,826  INFO [main] banking:22 - Button clicked
 2019-03-28 13:19:28,870  INFO [main] banking:27 - Login successful
 2019-03-28 16:07:44,133  INFO [main] banking:53 - URL opened
 2019-03-28 16:07:49,381  INFO [main] banking:18 - Username entered
 2019-03-28 16:07:49,709  INFO [main] banking:20 - Password entered
 2019-03-28 16:07:56,982  INFO [main] banking:22 - Button clicked
 2019-03-28 16:07:57,039  INFO [main] banking:27 - Login successful
 2019-03-28 18:53:36,759  INFO [main] banking:53 - URL opened
 2019-03-28 18:53:42,654  INFO [main] banking:18 - Username entered
 2019-03-28 18:53:42,967  INFO [main] banking:20 - Password entered
 2019-03-28 18:53:50,962  INFO [main] banking:22 - Button clicked
 2019-03-28 18:53:51,179  INFO [main] banking:27 - Login successful
 2019-03-28 20:26:24,336  INFO [main] banking:53 - URL opened
 2019-03-28 20:26:29,996  INFO [main] banking:18 - Username entered
 2019-03-28 20:26:30,242  INFO [main] banking:20 - Password entered
 2019-03-28 20:26:36,966  INFO [main] banking:22 - Button clicked
 2019-03-28 20:26:36,996  INFO [main] banking:27 - Login successful
 2019-03-28 21:00:34,829  INFO [main] banking:53 - URL opened
 2019-03-28 21:00:39,768  INFO [main] banking:18 - Username entered
 2019-03-28 21:00:39,992  INFO [main] banking:20 - Password entered
 2019-03-28 21:00:49,313  INFO [main] banking:22 - Button clicked
 2019-03-28 21:00:49,339  INFO [main] banking:27 - Login successful
 